<?xml version="1.0" encoding="UTF-8"?>
<!-- Generated by org.testng.reporters.JUnitXMLReporter -->
<testsuite ignored="0" hostname="Priyanka" failures="0" tests="3" name="Default test" time="0.061" errors="0" timestamp="2023-05-26T18:39:01 IST">
  <testcase classname="demoprojectpractice.Practice" name="create" time="0.01"/>
  <testcase classname="demoprojectpractice.Practice" name="delete" time="0.001"/>
  <testcase classname="demoprojectpractice.Practice" name="insert" time="0.001"/>
</testsuite> <!-- Default test -->
