<?xml version="1.0" encoding="UTF-8"?>
<!-- Generated by org.testng.reporters.JUnitXMLReporter -->
<testsuite ignored="0" hostname="Priyanka" failures="0" tests="3" name="Default test" time="0.043" errors="0" timestamp="2023-05-27T00:14:22 IST">
  <testcase classname="demoprojectpractice.Practice" name="create" time="0.007"/>
  <testcase classname="demoprojectpractice.Practice" name="delete" time="0.001"/>
  <testcase classname="demoprojectpractice.Practice" name="insert" time="0.001"/>
</testsuite> <!-- Default test -->
