<?xml version="1.0" encoding="UTF-8"?>
<testng-results ignored="0" total="3" passed="3" failed="0" skipped="0">
  <reporter-output>
  </reporter-output>
  <suite started-at="2023-05-26T18:39:01 IST" name="Default suite" finished-at="2023-05-26T18:39:01 IST" duration-ms="61">
    <groups>
    </groups>
    <test started-at="2023-05-26T18:39:01 IST" name="Default test" finished-at="2023-05-26T18:39:01 IST" duration-ms="61">
      <class name="demoprojectpractice.Practice">
        <test-method signature="create()[pri:0, instance:demoprojectpractice.Practice@35aea049]" started-at="2023-05-26T18:39:01 IST" name="create" finished-at="2023-05-26T18:39:01 IST" duration-ms="10" status="PASS">
          <reporter-output>
          </reporter-output>
        </test-method> <!-- create -->
        <test-method signature="delete()[pri:0, instance:demoprojectpractice.Practice@35aea049]" started-at="2023-05-26T18:39:01 IST" name="delete" finished-at="2023-05-26T18:39:01 IST" duration-ms="1" status="PASS">
          <reporter-output>
          </reporter-output>
        </test-method> <!-- delete -->
        <test-method signature="insert()[pri:0, instance:demoprojectpractice.Practice@35aea049]" started-at="2023-05-26T18:39:01 IST" name="insert" finished-at="2023-05-26T18:39:01 IST" duration-ms="1" status="PASS">
          <reporter-output>
          </reporter-output>
        </test-method> <!-- insert -->
      </class> <!-- demoprojectpractice.Practice -->
    </test> <!-- Default test -->
  </suite> <!-- Default suite -->
</testng-results>
